2019-12-19 02:17:18,373 [ERROR] [SwaggerBootstrapUiController.java:142] - java.lang.NoClassDefFoundError:springfox/documentation/swagger/common/HostNameProvider
2019-12-19 02:17:21,551 [ERROR] [SwaggerBootstrapUiController.java:142] - java.lang.NoClassDefFoundError:springfox/documentation/swagger/common/HostNameProvider
2019-12-19 02:19:25,910 [ERROR] [SwaggerBootstrapUiController.java:142] - java.lang.NoClassDefFoundError:springfox/documentation/swagger/common/HostNameProvider
2019-12-19 02:19:32,194 [ERROR] [SwaggerBootstrapUiController.java:142] - java.lang.NoClassDefFoundError:springfox/documentation/swagger/common/HostNameProvider
2019-12-19 02:19:33,482 [ERROR] [SwaggerBootstrapUiController.java:142] - java.lang.NoClassDefFoundError:springfox/documentation/swagger/common/HostNameProvider
2019-12-19 04:14:20,965 [ERROR] [LoggingFailureAnalysisReporter.java:40] - 

***************************
APPLICATION FAILED TO START
***************************

Description:

Field idAppService in com.redescooter.ses.web.ros.service.impl.TokenRosServiceImpl required a bean of type 'com.redescooter.ses.starter.common.service.IdAppService' that could not be found.

The injection point has the following annotations:
	- @org.springframework.beans.factory.annotation.Autowired(required=true)


Action:

Consider defining a bean of type 'com.redescooter.ses.starter.common.service.IdAppService' in your configuration.

2019-12-19 04:16:25,521 [ERROR] [SwaggerBootstrapUiController.java:142] - java.lang.NoClassDefFoundError:springfox/documentation/swagger/common/HostNameProvider
2019-12-19 04:16:30,279 [ERROR] [SwaggerBootstrapUiController.java:142] - java.lang.NoClassDefFoundError:springfox/documentation/swagger/common/HostNameProvider
2019-12-19 04:46:00,160 [ERROR] [SwaggerBootstrapUiController.java:142] - java.lang.NoClassDefFoundError:springfox/documentation/swagger/common/HostNameProvider
2019-12-19 06:43:53,808 [ERROR] [SwaggerBootstrapUiController.java:142] - java.lang.NoClassDefFoundError:springfox/documentation/swagger/common/HostNameProvider
2019-12-19 07:03:40,405 [ERROR] [SwaggerBootstrapUiController.java:142] - java.lang.NoClassDefFoundError:springfox/documentation/swagger/common/HostNameProvider
2019-12-19 10:59:31,891 [ERROR] [SwaggerBootstrapUiController.java:142] - java.lang.NoClassDefFoundError:springfox/documentation/swagger/common/HostNameProvider
2019-12-19 10:59:38,097 [ERROR] [SwaggerBootstrapUiController.java:142] - java.lang.NoClassDefFoundError:springfox/documentation/swagger/common/HostNameProvider
2019-12-19 11:00:50,037 [ERROR] [SwaggerBootstrapUiController.java:142] - java.lang.NoClassDefFoundError:springfox/documentation/swagger/common/HostNameProvider
2019-12-19 12:12:27,635 [ERROR] [SwaggerBootstrapUiController.java:142] - java.lang.NoClassDefFoundError:springfox/documentation/swagger/common/HostNameProvider
